<?xml version="1.0" encoding="UTF-8"?>
<!-- Generated by org.testng.reporters.JUnitReportReporter -->
<testsuite skipped="0" hostname="Ramkumar-PC" name="TC002_Post_Request" tests="1" failures="0" timestamp="02 May 2020 08:06:01 GMT" time="5.800" errors="0">
  <testcase name="Registration" time="5.800" classname="TC002_Post_Request"/>
</testsuite> <!-- TC002_Post_Request -->
