<?xml version="1.0" encoding="UTF-8"?>
<!-- Generated by org.testng.reporters.JUnitReportReporter -->
<testsuite skipped="0" hostname="Ramkumar-PC" name="TestRun.TC_AmazonAPI_Automation" tests="1" failures="0" timestamp="10 Jul 2020 18:44:22 GMT" time="5.211" errors="0">
  <testcase name="completepurchase_placetheorder" time="5.211" classname="TestRun.TC_AmazonAPI_Automation"/>
</testsuite> <!-- TestRun.TC_AmazonAPI_Automation -->
