<?xml version="1.0" encoding="UTF-8"?>
<!-- Generated by org.testng.reporters.JUnitReportReporter -->
<testsuite skipped="0" hostname="Ramkumar-PC" name="TC_AmazonAPI_Automation" tests="1" failures="0" timestamp="10 Jul 2020 18:41:03 GMT" time="5.140" errors="0">
  <testcase name="completepurchase_placetheorder" time="5.140" classname="TC_AmazonAPI_Automation"/>
</testsuite> <!-- TC_AmazonAPI_Automation -->
