<?xml version="1.0" encoding="UTF-8"?>
<!-- Generated by org.testng.reporters.JUnitReportReporter -->
<testsuite skipped="0" hostname="Ramkumar-PC" name="TC003_Get_RequestXML" tests="1" failures="0" timestamp="02 May 2020 08:26:11 GMT" time="5.572" errors="0">
  <testcase name="getweatherDetails" time="5.572" classname="TC003_Get_RequestXML"/>
</testsuite> <!-- TC003_Get_RequestXML -->
